<?xml version="1.0" encoding="UTF-8"?>
<testng-results skipped="0" failed="0" ignored="0" total="1" passed="1">
  <reporter-output>
  </reporter-output>
  <suite name="Suite" duration-ms="35908" started-at="2019-02-23T06:45:08Z" finished-at="2019-02-23T06:45:43Z">
    <groups>
    </groups>
    <test name="Test" duration-ms="35908" started-at="2019-02-23T06:45:08Z" finished-at="2019-02-23T06:45:43Z">
      <class name="com.selenium.seleniumtest.GoogleTest">
        <test-method status="PASS" signature="testGoogle()[pri:0, instance:com.selenium.seleniumtest.GoogleTest@18be83e4]" name="testGoogle" duration-ms="35841" started-at="2019-02-23T06:45:08Z" finished-at="2019-02-23T06:45:43Z">
          <reporter-output>
          </reporter-output>
        </test-method> <!-- testGoogle -->
      </class> <!-- com.selenium.seleniumtest.GoogleTest -->
    </test> <!-- Test -->
  </suite> <!-- Suite -->
</testng-results>
